#
# There is insufficient memory for the Java Runtime Environment to continue.
# Native memory allocation (mmap) failed to map 1048576 bytes for G1 virtual space
# Possible reasons:
#   The system is out of physical RAM or swap space
#   The process is running with CompressedOops enabled, and the Java Heap may be blocking the growth of the native heap
# Possible solutions:
#   Reduce memory load on the system
#   Increase physical memory or swap space
#   Check if swap backing store is full
#   Decrease Java heap size (-Xmx/-Xms)
#   Decrease number of Java threads
#   Decrease Java thread stack sizes (-Xss)
#   Set larger code cache with -XX:ReservedCodeCacheSize=
#   JVM is running with Unscaled Compressed Oops mode in which the Java heap is
#     placed in the first 4GB address space. The Java Heap base address is the
#     maximum limit for the native heap growth. Please use -XX:HeapBaseMinAddress
#     to set the Java Heap base and to place the Java Heap above 4GB virtual address.
# This output file may be truncated or incomplete.
#
#  Out of Memory Error (os_windows.cpp:3466), pid=2516, tid=3076
#
# JRE version:  (16.0.2+7) (build )
# Java VM: OpenJDK 64-Bit Server VM (16.0.2+7-67, mixed mode, sharing, tiered, compressed oops, compressed class ptrs, g1 gc, windows-amd64)
# No core dump will be written. Minidumps are not enabled by default on client versions of Windows
#

---------------  S U M M A R Y ------------

Command Line: -Dfile.encoding=Cp1252 -XX:+ShowCodeDetailsInExceptionMessages main

Host: Intel(R) Core(TM)2 Duo CPU     E7300  @ 2.66GHz, 2 cores, 3G,  Windows 8.1 , 64 bit Build 9600 (6.3.9600.17056)
Time: Sat Nov 26 20:09:14 2022 West Pacific Standard Time elapsed time: 0.038731 seconds (0d 0h 0m 0s)

---------------  T H R E A D  ---------------

Current thread (0x00000094ebc218b0):  JavaThread "Unknown thread" [_thread_in_vm, id=3076, stack(0x00000094eb2d0000,0x00000094eb3d0000)]

Stack: [0x00000094eb2d0000,0x00000094eb3d0000]
Native frames: (J=compiled Java code, j=interpreted, Vv=VM code, C=native code)
V  [jvm.dll+0x6681ca]
V  [jvm.dll+0x7c9e69]
V  [jvm.dll+0x7cb61e]
V  [jvm.dll+0x7cbc73]
V  [jvm.dll+0x242c55]
V  [jvm.dll+0x664f89]
V  [jvm.dll+0x659b75]
V  [jvm.dll+0x2fbfbb]
V  [jvm.dll+0x3031b6]
V  [jvm.dll+0x3529b3]
V  [jvm.dll+0x352bcf]
V  [jvm.dll+0x2d3028]
V  [jvm.dll+0x2d4264]
V  [jvm.dll+0x79c741]
V  [jvm.dll+0x360791]
V  [jvm.dll+0x77a3f0]
V  [jvm.dll+0x3e4e8f]
V  [jvm.dll+0x3e6961]
C  [jli.dll+0x52fb]
C  [ucrtbase.DLL+0x1d912]
C  [KERNEL32.DLL+0x16ad]
C  [ntdll.dll+0x74629]


---------------  P R O C E S S  ---------------

Threads class SMR info:
_java_thread_list=0x00007fffffdbcbb8, length=0, elements={
}

Java Threads: ( => current thread )

Other Threads:
  0x00000094ebc4efb0 GCTaskThread "GC Thread#0" [stack: 0x00000094ff370000,0x00000094ff470000] [id=1240]
  0x00000094ebc57fb0 ConcurrentGCThread "G1 Main Marker" [stack: 0x00000094ff470000,0x00000094ff570000] [id=8068]
  0x00000094ebc59770 ConcurrentGCThread "G1 Conc#0" [stack: 0x00000094ff570000,0x00000094ff670000] [id=2568]

[error occurred during error reporting (printing all threads), id 0xc0000005, EXCEPTION_ACCESS_VIOLATION (0xc0000005) at pc=0x00007fffff593ee7]

VM state: not at safepoint (not fully initialized)

VM Mutex/Monitor currently owned by a thread:  ([mutex/lock_event])
[0x00000094ebc1e440] Heap_lock - owner thread: 0x00000094ebc218b0

Heap address: 0x00000000c0200000, size: 1022 MB, Compressed Oops mode: 32-bit

CDS archive(s) mapped at: [0x0000000000000000-0x0000000000000000-0x0000000000000000), size 0, SharedBaseAddress: 0x0000000800000000, ArchiveRelocationMode: 0.
Narrow klass base: 0x0000000000000000, Narrow klass shift: 0, Narrow klass range: 0x0

GC Precious Log:
<Empty>

Heap:
 garbage-first heap   total 0K, used 0K [0x00000000c0200000, 0x0000000100000000)
  region size 1024K, 0 young (0K), 0 survivors (0K)

[error occurred during error reporting (printing heap information), id 0xc0000005, EXCEPTION_ACCESS_VIOLATION (0xc0000005) at pc=0x00007fffff971eed]

GC Heap History (0 events):
No events

Deoptimization events (0 events):
No events

Classes unloaded (0 events):
No events

Classes redefined (0 events):
No events

Internal exceptions (0 events):
No events

Events (1 events):
Event: 0.013 Loaded shared library D:\doc\eclipse\plugins\org.eclipse.justj.openjdk.hotspot.jre.full.win32.x86_64_16.0.2.v20210721-1149\jre\bin\java.dll


Dynamic libraries:
0x00007ff7c7680000 - 0x00007ff7c768e000 	D:\doc\eclipse\plugins\org.eclipse.justj.openjdk.hotspot.jre.full.win32.x86_64_16.0.2.v20210721-1149\jre\bin\javaw.exe
0x00007ff81fbc0000 - 0x00007ff81fd6a000 	C:\WINDOWS\SYSTEM32\ntdll.dll
0x00007ff81f590000 - 0x00007ff81f6ca000 	C:\WINDOWS\system32\KERNEL32.DLL
0x00007ff811180000 - 0x00007ff811197000 	C:\Program Files\Avast Software\Avast\aswhook.dll
0x00007ff81d000000 - 0x00007ff81d10f000 	C:\WINDOWS\system32\KERNELBASE.dll
0x00007ff8124a0000 - 0x00007ff8124b8000 	D:\doc\eclipse\plugins\org.eclipse.justj.openjdk.hotspot.jre.full.win32.x86_64_16.0.2.v20210721-1149\jre\bin\jli.dll
0x00007ff812480000 - 0x00007ff812499000 	D:\doc\eclipse\plugins\org.eclipse.justj.openjdk.hotspot.jre.full.win32.x86_64_16.0.2.v20210721-1149\jre\bin\VCRUNTIME140.dll
0x00007ff81b6e0000 - 0x00007ff81b6e4000 	D:\doc\eclipse\plugins\org.eclipse.justj.openjdk.hotspot.jre.full.win32.x86_64_16.0.2.v20210721-1149\jre\bin\api-ms-win-crt-stdio-l1-1-0.dll
0x00007ff81b1f0000 - 0x00007ff81b1f4000 	D:\doc\eclipse\plugins\org.eclipse.justj.openjdk.hotspot.jre.full.win32.x86_64_16.0.2.v20210721-1149\jre\bin\api-ms-win-crt-runtime-l1-1-0.dll
0x00007ff81b1d0000 - 0x00007ff81b1d3000 	D:\doc\eclipse\plugins\org.eclipse.justj.openjdk.hotspot.jre.full.win32.x86_64_16.0.2.v20210721-1149\jre\bin\api-ms-win-crt-environment-l1-1-0.dll
0x00007ff819e00000 - 0x00007ff819e05000 	D:\doc\eclipse\plugins\org.eclipse.justj.openjdk.hotspot.jre.full.win32.x86_64_16.0.2.v20210721-1149\jre\bin\api-ms-win-crt-math-l1-1-0.dll
0x00007ff813e80000 - 0x00007ff813e83000 	D:\doc\eclipse\plugins\org.eclipse.justj.openjdk.hotspot.jre.full.win32.x86_64_16.0.2.v20210721-1149\jre\bin\api-ms-win-crt-locale-l1-1-0.dll
0x00007ff812470000 - 0x00007ff812473000 	D:\doc\eclipse\plugins\org.eclipse.justj.openjdk.hotspot.jre.full.win32.x86_64_16.0.2.v20210721-1149\jre\bin\api-ms-win-crt-heap-l1-1-0.dll
0x00007ff81ab80000 - 0x00007ff81adda000 	C:\WINDOWS\WinSxS\amd64_microsoft.windows.common-controls_6595b64144ccf1df_6.0.9600.17031_none_6242a4b3ecbb55a1\COMCTL32.dll
0x00007ff81df40000 - 0x00007ff81e0b1000 	C:\WINDOWS\system32\USER32.dll
0x00007ff812460000 - 0x00007ff812463000 	D:\doc\eclipse\plugins\org.eclipse.justj.openjdk.hotspot.jre.full.win32.x86_64_16.0.2.v20210721-1149\jre\bin\api-ms-win-crt-filesystem-l1-1-0.dll
0x00007ff812450000 - 0x00007ff812454000 	D:\doc\eclipse\plugins\org.eclipse.justj.openjdk.hotspot.jre.full.win32.x86_64_16.0.2.v20210721-1149\jre\bin\api-ms-win-crt-string-l1-1-0.dll
0x00007ff812440000 - 0x00007ff812444000 	D:\doc\eclipse\plugins\org.eclipse.justj.openjdk.hotspot.jre.full.win32.x86_64_16.0.2.v20210721-1149\jre\bin\api-ms-win-crt-convert-l1-1-0.dll
0x00007ff81d7f0000 - 0x00007ff81d897000 	C:\WINDOWS\system32\msvcrt.dll
0x00007ff81dce0000 - 0x00007ff81de25000 	C:\WINDOWS\system32\GDI32.dll
0x00007ff80d6a0000 - 0x00007ff80d79a000 	D:\doc\eclipse\plugins\org.eclipse.justj.openjdk.hotspot.jre.full.win32.x86_64_16.0.2.v20210721-1149\jre\bin\ucrtbase.DLL
0x00007ff81dca0000 - 0x00007ff81dcd4000 	C:\WINDOWS\system32\IMM32.DLL
0x00007ff81f6d0000 - 0x00007ff81f809000 	C:\WINDOWS\system32\MSCTF.dll
0x00007ff810c30000 - 0x00007ff810c3c000 	D:\doc\eclipse\plugins\org.eclipse.justj.openjdk.hotspot.jre.full.win32.x86_64_16.0.2.v20210721-1149\jre\bin\vcruntime140_1.dll
0x00007ff811840000 - 0x00007ff8118d1000 	D:\doc\eclipse\plugins\org.eclipse.justj.openjdk.hotspot.jre.full.win32.x86_64_16.0.2.v20210721-1149\jre\bin\msvcp140.dll
0x00007ff812430000 - 0x00007ff812433000 	D:\doc\eclipse\plugins\org.eclipse.justj.openjdk.hotspot.jre.full.win32.x86_64_16.0.2.v20210721-1149\jre\bin\api-ms-win-crt-time-l1-1-0.dll
0x00007ff8123d0000 - 0x00007ff8123d3000 	D:\doc\eclipse\plugins\org.eclipse.justj.openjdk.hotspot.jre.full.win32.x86_64_16.0.2.v20210721-1149\jre\bin\api-ms-win-crt-utility-l1-1-0.dll
0x00007fffff2b0000 - 0x00007fffffe5b000 	D:\doc\eclipse\plugins\org.eclipse.justj.openjdk.hotspot.jre.full.win32.x86_64_16.0.2.v20210721-1149\jre\bin\server\jvm.dll
0x00007ff81de90000 - 0x00007ff81df35000 	C:\WINDOWS\system32\ADVAPI32.dll
0x00007ff818340000 - 0x00007ff818349000 	C:\WINDOWS\SYSTEM32\WSOCK32.dll
0x00007ff80c750000 - 0x00007ff80c76f000 	C:\WINDOWS\SYSTEM32\WINMM.dll
0x00007ff81a5b0000 - 0x00007ff81a5ba000 	C:\WINDOWS\SYSTEM32\VERSION.dll
0x00007ff81f830000 - 0x00007ff81f837000 	C:\WINDOWS\system32\PSAPI.DLL
0x00007ff81dbc0000 - 0x00007ff81dc17000 	C:\WINDOWS\SYSTEM32\sechost.dll
0x00007ff81d8a0000 - 0x00007ff81d9d6000 	C:\WINDOWS\system32\RPCRT4.dll
0x00007ff81d560000 - 0x00007ff81d5b8000 	C:\WINDOWS\system32\WS2_32.dll
0x00007ff80c720000 - 0x00007ff80c74a000 	C:\WINDOWS\SYSTEM32\WINMMBASE.dll
0x00007ff81f4e0000 - 0x00007ff81f4e9000 	C:\WINDOWS\system32\NSI.dll
0x00007ff81d3f0000 - 0x00007ff81d43a000 	C:\WINDOWS\SYSTEM32\cfgmgr32.dll
0x00007ff81bdc0000 - 0x00007ff81bde6000 	C:\WINDOWS\SYSTEM32\DEVOBJ.dll
0x00007ff80ea00000 - 0x00007ff80ea0a000 	D:\doc\eclipse\plugins\org.eclipse.justj.openjdk.hotspot.jre.full.win32.x86_64_16.0.2.v20210721-1149\jre\bin\jimage.dll
0x00007ff818f00000 - 0x00007ff819088000 	C:\WINDOWS\SYSTEM32\DBGHELP.DLL
0x00007ff80dc10000 - 0x00007ff80dc35000 	D:\doc\eclipse\plugins\org.eclipse.justj.openjdk.hotspot.jre.full.win32.x86_64_16.0.2.v20210721-1149\jre\bin\java.dll

dbghelp: loaded successfully - version: 4.0.5 - missing functions: none
symbol engine: initialized successfully - sym options: 0x614 - pdb path: .;D:\doc\eclipse\plugins\org.eclipse.justj.openjdk.hotspot.jre.full.win32.x86_64_16.0.2.v20210721-1149\jre\bin;C:\WINDOWS\SYSTEM32;C:\Program Files\Avast Software\Avast;C:\WINDOWS\WinSxS\amd64_microsoft.windows.common-controls_6595b64144ccf1df_6.0.9600.17031_none_6242a4b3ecbb55a1;D:\doc\eclipse\plugins\org.eclipse.justj.openjdk.hotspot.jre.full.win32.x86_64_16.0.2.v20210721-1149\jre\bin\server

VM Arguments:
jvm_args: -Dfile.encoding=Cp1252 -XX:+ShowCodeDetailsInExceptionMessages 
java_command: main
java_class_path (initial): D:\doc\SUB\Exe_mplo\bin
Launcher Type: SUN_STANDARD

[Global flags]
     intx CICompilerCount                          = 2                                         {product} {ergonomic}
     uint ConcGCThreads                            = 1                                         {product} {ergonomic}
     uint G1ConcRefinementThreads                  = 2                                         {product} {ergonomic}
   size_t G1HeapRegionSize                         = 1048576                                   {product} {ergonomic}
    uintx GCDrainStackTargetSize                   = 64                                        {product} {ergonomic}
   size_t InitialHeapSize                          = 67108864                                  {product} {ergonomic}
   size_t MarkStackSize                            = 4194304                                   {product} {ergonomic}
   size_t MaxHeapSize                              = 1071644672                                {product} {ergonomic}
   size_t MinHeapDeltaBytes                        = 1048576                                   {product} {ergonomic}
   size_t MinHeapSize                              = 8388608                                   {product} {ergonomic}
    uintx NonNMethodCodeHeapSize                   = 5826188                                {pd product} {ergonomic}
    uintx NonProfiledCodeHeapSize                  = 122916026                              {pd product} {ergonomic}
    uintx ProfiledCodeHeapSize                     = 122916026                              {pd product} {ergonomic}
    uintx ReservedCodeCacheSize                    = 251658240                              {pd product} {ergonomic}
     bool SegmentedCodeCache                       = true                                      {product} {ergonomic}
     bool ShowCodeDetailsInExceptionMessages       = true                                   {manageable} {command line}
   size_t SoftMaxHeapSize                          = 1071644672                             {manageable} {ergonomic}
     bool UseCompressedClassPointers               = true                           {product lp64_product} {ergonomic}
     bool UseCompressedOops                        = true                           {product lp64_product} {ergonomic}
     bool UseG1GC                                  = true                                      {product} {ergonomic}
     bool UseLargePagesIndividualAllocation        = false                                  {pd product} {ergonomic}

Logging:
Log output configuration:
 #0: stdout all=warning uptime,level,tags
 #1: stderr all=off uptime,level,tags

Environment Variables:
PATH=D:/doc/eclipse//plugins/org.eclipse.justj.openjdk.hotspot.jre.full.win32.x86_64_16.0.2.v20210721-1149/jre/bin/server;D:/doc/eclipse//plugins/org.eclipse.justj.openjdk.hotspot.jre.full.win32.x86_64_16.0.2.v20210721-1149/jre/bin;C:\ProgramData\Oracle\Java\javapath;C:\WINDOWS\system32;C:\WINDOWS;C:\WINDOWS\System32\Wbem;C:\WINDOWS\System32\WindowsPowerShell\v1.0\;D:\doc\eclipse;
USERNAME=Cilenio
OS=Windows_NT
PROCESSOR_IDENTIFIER=Intel64 Family 6 Model 23 Stepping 6, GenuineIntel



---------------  S Y S T E M  ---------------

OS:
 Windows 8.1 , 64 bit Build 9600 (6.3.9600.17056)
OS uptime: 4 days 11:41 hours

CPU: total 2 (initial active 2) (2 cores per cpu, 1 threads per core) family 6 model 23 stepping 6 microcode 0x610, cx8, cmov, fxsr, mmx, sse, sse2, sse3, ssse3, sse4.1, tsc, clflush

Memory: 4k page, system-wide physical 4085M (1047M free)
TotalPageFile size 5630M (AvailPageFile size 5M)
current process WorkingSet (physical memory assigned to process): 9M, peak: 9M
current process commit charge ("private bytes"): 111M, peak: 112M

vm_info: OpenJDK 64-Bit Server VM (16.0.2+7-67) for windows-amd64 JRE (16.0.2+7-67), built on Jun  8 2021 23:21:43 by "mach5one" with MS VC++ 16.7 (VS2019)

END.
